<?xml version="1.0" encoding="UTF-8"?>
<testsuite xmlns:xsi="http://www.w3.org/2001/XMLSchema-instance" xsi:noNamespaceSchemaLocation="https://maven.apache.org/surefire/maven-surefire-plugin/xsd/surefire-test-report.xsd" name="TestSuite" time="33.916" tests="10" errors="0" skipped="8" failures="2">
  <properties>
    <property name="java.runtime.name" value="Java(TM) SE Runtime Environment"/>
    <property name="sun.boot.library.path" value="C:\Program Files\Java\jdk1.8.0_40\jre\bin"/>
    <property name="java.vm.version" value="25.40-b25"/>
    <property name="java.vm.vendor" value="Oracle Corporation"/>
    <property name="maven.multiModuleProjectDirectory" value="C:\Users\amit.1.garg\OneDrive - NIIT Technologies\GUI_Tests\MercuryTours"/>
    <property name="java.vendor.url" value="http://java.oracle.com/"/>
    <property name="path.separator" value=";"/>
    <property name="guice.disable.misplaced.annotation.check" value="true"/>
    <property name="java.vm.name" value="Java HotSpot(TM) 64-Bit Server VM"/>
    <property name="file.encoding.pkg" value="sun.io"/>
    <property name="user.script" value=""/>
    <property name="user.country" value="US"/>
    <property name="sun.java.launcher" value="SUN_STANDARD"/>
    <property name="sun.os.patch.level" value=""/>
    <property name="java.vm.specification.name" value="Java Virtual Machine Specification"/>
    <property name="user.dir" value="C:\Users\amit.1.garg\OneDrive - NIIT Technologies\GUI_Tests\MercuryTours"/>
    <property name="java.runtime.version" value="1.8.0_40-b25"/>
    <property name="java.awt.graphicsenv" value="sun.awt.Win32GraphicsEnvironment"/>
    <property name="java.endorsed.dirs" value="C:\Program Files\Java\jdk1.8.0_40\jre\lib\endorsed"/>
    <property name="os.arch" value="amd64"/>
    <property name="java.io.tmpdir" value="C:\Users\AMIT1~1.GAR\AppData\Local\Temp\"/>
    <property name="line.separator" value="&#10;"/>
    <property name="java.vm.specification.vendor" value="Oracle Corporation"/>
    <property name="user.variant" value=""/>
    <property name="os.name" value="Windows 8.1"/>
    <property name="classworlds.conf" value="C:\Users\amit.1.garg\OneDrive - NIIT Technologies\GUI_Tests\.metadata\.plugins\org.eclipse.m2e.launching\launches\m2conf8885417697059876836.tmp"/>
    <property name="sun.jnu.encoding" value="Cp1252"/>
    <property name="java.library.path" value="C:\Program Files\Java\jdk1.8.0_40\bin;C:\Windows\Sun\Java\bin;C:\Windows\system32;C:\Windows;C:/Program Files/Java/jre1.8.0_40/bin/server;C:/Program Files/Java/jre1.8.0_40/bin;C:/Program Files/Java/jre1.8.0_40/lib/amd64;C:\ProgramData\Oracle\Java\javapath;C:\Program Files (x86)\Common Files\Oracle\Java\javapath;C:\Windows\system32;C:\Windows;C:\Windows\System32\Wbem;C:\Windows\System32\WindowsPowerShell\v1.0\;C:\Windows\System32\OpenSSH\;C:\Program Files\TortoiseSVN\bin;C:\Program Files\nodejs\;C:\ProgramData\Oracle\Java\javapath;C:\Program Files (x86)\Common Files\Oracle\Java\javapath;C:\Windows\system32;C:\Windows;C:\Windows\System32\Wbem;C:\Windows\System32\WindowsPowerShell\v1.0\;C:\Windows\System32\OpenSSH\;C:\Program Files\TortoiseSVN\bin;C:\Program Files\nodejs\;C:\Users\amit.1.garg\AppData\Local\Programs\Python\Python38-32\Scripts\;C:\Users\amit.1.garg\AppData\Local\Programs\Python\Python38-32\;C:\Users\amit.1.garg\AppData\Local\Microsoft\WindowsApps;C:\Program Files\JetBrains\PyCharm Community Edition 2020.1.2\bin;C:\Drivers;C:\Users\amit.1.garg\AppData\Roaming\npm;C:\Program Files\Java\jdk1.8.0_40;D:\apache-maven-3.6.3-bin\apache-maven-3.6.3\bin;D:\allure-2.13.5\bin;D:\books;;D:\eclipse\eclipse;;."/>
    <property name="java.specification.name" value="Java Platform API Specification"/>
    <property name="java.class.version" value="52.0"/>
    <property name="sun.management.compiler" value="HotSpot 64-Bit Tiered Compilers"/>
    <property name="os.version" value="6.3"/>
    <property name="user.home" value="C:\Users\amit.1.garg"/>
    <property name="user.timezone" value="Asia/Calcutta"/>
    <property name="java.awt.printerjob" value="sun.awt.windows.WPrinterJob"/>
    <property name="java.specification.version" value="1.8"/>
    <property name="file.encoding" value="Cp1252"/>
    <property name="user.name" value="Amit.1.Garg"/>
    <property name="java.class.path" value="D:\eclipse\eclipse\plugins\org.eclipse.m2e.maven.runtime_1.15.0.20200310-1832\jars\plexus-classworlds-2.6.0.jar"/>
    <property name="java.vm.specification.version" value="1.8"/>
    <property name="sun.arch.data.model" value="64"/>
    <property name="java.home" value="C:\Program Files\Java\jdk1.8.0_40\jre"/>
    <property name="sun.java.command" value="org.codehaus.plexus.classworlds.launcher.Launcher -B test"/>
    <property name="java.specification.vendor" value="Oracle Corporation"/>
    <property name="user.language" value="en"/>
    <property name="awt.toolkit" value="sun.awt.windows.WToolkit"/>
    <property name="java.vm.info" value="mixed mode"/>
    <property name="java.version" value="1.8.0_40"/>
    <property name="java.ext.dirs" value="C:\Program Files\Java\jdk1.8.0_40\jre\lib\ext;C:\Windows\Sun\Java\lib\ext"/>
    <property name="sun.boot.class.path" value="C:\Program Files\Java\jdk1.8.0_40\jre\lib\resources.jar;C:\Program Files\Java\jdk1.8.0_40\jre\lib\rt.jar;C:\Program Files\Java\jdk1.8.0_40\jre\lib\sunrsasign.jar;C:\Program Files\Java\jdk1.8.0_40\jre\lib\jsse.jar;C:\Program Files\Java\jdk1.8.0_40\jre\lib\jce.jar;C:\Program Files\Java\jdk1.8.0_40\jre\lib\charsets.jar;C:\Program Files\Java\jdk1.8.0_40\jre\lib\jfr.jar;C:\Program Files\Java\jdk1.8.0_40\jre\classes"/>
    <property name="java.vendor" value="Oracle Corporation"/>
    <property name="maven.home" value="C:\Users\amit.1.garg\OneDrive - NIIT Technologies\GUI_Tests\MercuryTours\EMBEDDED"/>
    <property name="file.separator" value="\"/>
    <property name="java.vendor.url.bug" value="http://bugreport.sun.com/bugreport/"/>
    <property name="sun.cpu.endian" value="little"/>
    <property name="sun.io.unicode.encoding" value="UnicodeLittle"/>
    <property name="sun.desktop" value="windows"/>
    <property name="sun.cpu.isalist" value="amd64"/>
  </properties>
  <testcase name="fnBookFlightTest" classname="com.Mercury.testcases.MercuryFlightTest" time="4.828">
    <failure message="Cannot locate an element using name=userName&#10;For documentation on this error, please visit: https://www.seleniumhq.org/exceptions/no_such_element.html&#10;Build info: version: &apos;3.141.59&apos;, revision: &apos;e82be7d358&apos;, time: &apos;2018-11-14T08:17:03&apos;&#10;System info: host: &apos;LAP-TZ-0X65353&apos;, ip: &apos;192.168.1.10&apos;, os.name: &apos;Windows 8.1&apos;, os.arch: &apos;amd64&apos;, os.version: &apos;6.3&apos;, java.version: &apos;1.8.0_40&apos;&#10;Driver info: driver.version: RemoteWebDriver" type="org.openqa.selenium.NoSuchElementException">org.openqa.selenium.NoSuchElementException: 
Cannot locate an element using name=userName
For documentation on this error, please visit: https://www.seleniumhq.org/exceptions/no_such_element.html
Build info: version: '3.141.59', revision: 'e82be7d358', time: '2018-11-14T08:17:03'
System info: host: 'LAP-TZ-0X65353', ip: '192.168.1.10', os.name: 'Windows 8.1', os.arch: 'amd64', os.version: '6.3', java.version: '1.8.0_40'
Driver info: driver.version: RemoteWebDriver
	at com.Mercury.testcases.MercuryFlightTest.fnBookFlightTest(MercuryFlightTest.java:32)
</failure>
    <system-out><![CDATA[Y
TC_001
mercury
mercury
Round Trip
4
Frankfurt
June
12
London
June
17
Business class
Unified Airlines
Y
TC_002
mercury
mercury
Round Trip
3
London
June
1
Frankfurt
June
20
Business class
Unified Airlines
Y
TC_003
mercury
mercury
Round Trip
3
Paris
June
1
London
June
20
Business class
Unified Airlines
Y
TC_004
mercury
mercury
Round Trip
3
London
June
1
Paris
June
20
Business class
Unified Airlines
]]></system-out>
    <system-err><![CDATA[SLF4J: Failed to load class "org.slf4j.impl.StaticLoggerBinder".
SLF4J: Defaulting to no-operation (NOP) logger implementation
SLF4J: See http://www.slf4j.org/codes.html#StaticLoggerBinder for further details.
Starting ChromeDriver 83.0.4103.39 (ccbf011cb2d2b19b506d844400483861342c20cd-refs/branch-heads/4103@{#416}) on port 37930
Only local connections are allowed.
Please see https://chromedriver.chromium.org/security-considerations for suggestions on keeping ChromeDriver safe.
ChromeDriver was started successfully.
[1597053347.924][WARNING]: This version of ChromeDriver has not been tested with Chrome version 84.
Aug 10, 2020 3:25:49 PM org.openqa.selenium.remote.ProtocolHandshake createSession
INFO: Detected dialect: W3C
]]></system-err>
  </testcase>
  <testcase name="fnBookFlightTest" classname="com.Mercury.testcases.MercuryFlightTest" time="0">
    <skipped message="session not created&#10;from chrome not reachable&#10;  (Session info: chrome=84.0.4147.105)&#10;Build info: version: &apos;3.141.59&apos;, revision: &apos;e82be7d358&apos;, time: &apos;2018-11-14T08:17:03&apos;&#10;System info: host: &apos;LAP-TZ-0X65353&apos;, ip: &apos;192.168.1.10&apos;, os.name: &apos;Windows 8.1&apos;, os.arch: &apos;amd64&apos;, os.version: &apos;6.3&apos;, java.version: &apos;1.8.0_40&apos;&#10;Driver info: driver.version: ChromeDriver&#10;remote stacktrace: Backtrace:&#10;	Ordinal0 [0x00469563+2725219]&#10;	Ordinal0 [0x00368551+1672529]&#10;	Ordinal0 [0x00250202+524802]&#10;	Ordinal0 [0x002499B2+498098]&#10;	Ordinal0 [0x0024A09B+499867]&#10;	Ordinal0 [0x0024AFF5+503797]&#10;	Ordinal0 [0x00246994+485780]&#10;	Ordinal0 [0x00250FF0+528368]&#10;	Ordinal0 [0x001FD6C9+186057]&#10;	Ordinal0 [0x001FCA3D+182845]&#10;	Ordinal0 [0x001FA94B+174411]&#10;	Ordinal0 [0x001E2528+75048]&#10;	Ordinal0 [0x001E35A0+79264]&#10;	Ordinal0 [0x001E3539+79161]&#10;	Ordinal0 [0x0037D607+1758727]&#10;	GetHandleVerifier [0x00586546+1050150]&#10;	GetHandleVerifier [0x00586291+1049457]&#10;	GetHandleVerifier [0x005910D7+1094071]&#10;	GetHandleVerifier [0x00586B46+1051686]&#10;	Ordinal0 [0x00375B06+1727238]&#10;	Ordinal0 [0x0037EB7B+1764219]&#10;	Ordinal0 [0x0037ECE3+1764579]&#10;	Ordinal0 [0x00394C05+1854469]&#10;	BaseThreadInitThunk [0x769B6359+25]&#10;	RtlGetAppContainerNamedObjectPath [0x77BE7C24+228]&#10;	RtlGetAppContainerNamedObjectPath [0x77BE7BF4+180]&#10;"/>
  </testcase>
  <testcase name="fnBookFlightTest" classname="com.Mercury.testcases.MercuryFlightTest" time="0">
    <skipped message="session not created&#10;from chrome not reachable&#10;  (Session info: chrome=84.0.4147.105)&#10;Build info: version: &apos;3.141.59&apos;, revision: &apos;e82be7d358&apos;, time: &apos;2018-11-14T08:17:03&apos;&#10;System info: host: &apos;LAP-TZ-0X65353&apos;, ip: &apos;192.168.1.10&apos;, os.name: &apos;Windows 8.1&apos;, os.arch: &apos;amd64&apos;, os.version: &apos;6.3&apos;, java.version: &apos;1.8.0_40&apos;&#10;Driver info: driver.version: ChromeDriver&#10;remote stacktrace: Backtrace:&#10;	Ordinal0 [0x00469563+2725219]&#10;	Ordinal0 [0x00368551+1672529]&#10;	Ordinal0 [0x00250202+524802]&#10;	Ordinal0 [0x002499B2+498098]&#10;	Ordinal0 [0x0024A09B+499867]&#10;	Ordinal0 [0x0024AFF5+503797]&#10;	Ordinal0 [0x00246994+485780]&#10;	Ordinal0 [0x00250FF0+528368]&#10;	Ordinal0 [0x001FD6C9+186057]&#10;	Ordinal0 [0x001FCA3D+182845]&#10;	Ordinal0 [0x001FA94B+174411]&#10;	Ordinal0 [0x001E2528+75048]&#10;	Ordinal0 [0x001E35A0+79264]&#10;	Ordinal0 [0x001E3539+79161]&#10;	Ordinal0 [0x0037D607+1758727]&#10;	GetHandleVerifier [0x00586546+1050150]&#10;	GetHandleVerifier [0x00586291+1049457]&#10;	GetHandleVerifier [0x005910D7+1094071]&#10;	GetHandleVerifier [0x00586B46+1051686]&#10;	Ordinal0 [0x00375B06+1727238]&#10;	Ordinal0 [0x0037EB7B+1764219]&#10;	Ordinal0 [0x0037ECE3+1764579]&#10;	Ordinal0 [0x00394C05+1854469]&#10;	BaseThreadInitThunk [0x769B6359+25]&#10;	RtlGetAppContainerNamedObjectPath [0x77BE7C24+228]&#10;	RtlGetAppContainerNamedObjectPath [0x77BE7BF4+180]&#10;"/>
  </testcase>
  <testcase name="fnBookFlightTest" classname="com.Mercury.testcases.MercuryFlightTest" time="0">
    <skipped message="session not created&#10;from chrome not reachable&#10;  (Session info: chrome=84.0.4147.105)&#10;Build info: version: &apos;3.141.59&apos;, revision: &apos;e82be7d358&apos;, time: &apos;2018-11-14T08:17:03&apos;&#10;System info: host: &apos;LAP-TZ-0X65353&apos;, ip: &apos;192.168.1.10&apos;, os.name: &apos;Windows 8.1&apos;, os.arch: &apos;amd64&apos;, os.version: &apos;6.3&apos;, java.version: &apos;1.8.0_40&apos;&#10;Driver info: driver.version: ChromeDriver&#10;remote stacktrace: Backtrace:&#10;	Ordinal0 [0x00469563+2725219]&#10;	Ordinal0 [0x00368551+1672529]&#10;	Ordinal0 [0x00250202+524802]&#10;	Ordinal0 [0x002499B2+498098]&#10;	Ordinal0 [0x0024A09B+499867]&#10;	Ordinal0 [0x0024AFF5+503797]&#10;	Ordinal0 [0x00246994+485780]&#10;	Ordinal0 [0x00250FF0+528368]&#10;	Ordinal0 [0x001FD6C9+186057]&#10;	Ordinal0 [0x001FCA3D+182845]&#10;	Ordinal0 [0x001FA94B+174411]&#10;	Ordinal0 [0x001E2528+75048]&#10;	Ordinal0 [0x001E35A0+79264]&#10;	Ordinal0 [0x001E3539+79161]&#10;	Ordinal0 [0x0037D607+1758727]&#10;	GetHandleVerifier [0x00586546+1050150]&#10;	GetHandleVerifier [0x00586291+1049457]&#10;	GetHandleVerifier [0x005910D7+1094071]&#10;	GetHandleVerifier [0x00586B46+1051686]&#10;	Ordinal0 [0x00375B06+1727238]&#10;	Ordinal0 [0x0037EB7B+1764219]&#10;	Ordinal0 [0x0037ECE3+1764579]&#10;	Ordinal0 [0x00394C05+1854469]&#10;	BaseThreadInitThunk [0x769B6359+25]&#10;	RtlGetAppContainerNamedObjectPath [0x77BE7C24+228]&#10;	RtlGetAppContainerNamedObjectPath [0x77BE7BF4+180]&#10;"/>
  </testcase>
  <testcase name="setup" classname="com.Mercury.testcases.MercuryFlightTest" time="18.753">
    <failure message="session not created&#10;from chrome not reachable&#10;  (Session info: chrome=84.0.4147.105)&#10;Build info: version: &apos;3.141.59&apos;, revision: &apos;e82be7d358&apos;, time: &apos;2018-11-14T08:17:03&apos;&#10;System info: host: &apos;LAP-TZ-0X65353&apos;, ip: &apos;192.168.1.10&apos;, os.name: &apos;Windows 8.1&apos;, os.arch: &apos;amd64&apos;, os.version: &apos;6.3&apos;, java.version: &apos;1.8.0_40&apos;&#10;Driver info: driver.version: ChromeDriver&#10;remote stacktrace: Backtrace:&#10;	Ordinal0 [0x00469563+2725219]&#10;	Ordinal0 [0x00368551+1672529]&#10;	Ordinal0 [0x00250202+524802]&#10;	Ordinal0 [0x002499B2+498098]&#10;	Ordinal0 [0x0024A09B+499867]&#10;	Ordinal0 [0x0024AFF5+503797]&#10;	Ordinal0 [0x00246994+485780]&#10;	Ordinal0 [0x00250FF0+528368]&#10;	Ordinal0 [0x001FD6C9+186057]&#10;	Ordinal0 [0x001FCA3D+182845]&#10;	Ordinal0 [0x001FA94B+174411]&#10;	Ordinal0 [0x001E2528+75048]&#10;	Ordinal0 [0x001E35A0+79264]&#10;	Ordinal0 [0x001E3539+79161]&#10;	Ordinal0 [0x0037D607+1758727]&#10;	GetHandleVerifier [0x00586546+1050150]&#10;	GetHandleVerifier [0x00586291+1049457]&#10;	GetHandleVerifier [0x005910D7+1094071]&#10;	GetHandleVerifier [0x00586B46+1051686]&#10;	Ordinal0 [0x00375B06+1727238]&#10;	Ordinal0 [0x0037EB7B+1764219]&#10;	Ordinal0 [0x0037ECE3+1764579]&#10;	Ordinal0 [0x00394C05+1854469]&#10;	BaseThreadInitThunk [0x769B6359+25]&#10;	RtlGetAppContainerNamedObjectPath [0x77BE7C24+228]&#10;	RtlGetAppContainerNamedObjectPath [0x77BE7BF4+180]&#10;" type="org.openqa.selenium.SessionNotCreatedException">org.openqa.selenium.SessionNotCreatedException: 
session not created
from chrome not reachable
  (Session info: chrome=84.0.4147.105)
Build info: version: '3.141.59', revision: 'e82be7d358', time: '2018-11-14T08:17:03'
System info: host: 'LAP-TZ-0X65353', ip: '192.168.1.10', os.name: 'Windows 8.1', os.arch: 'amd64', os.version: '6.3', java.version: '1.8.0_40'
Driver info: driver.version: ChromeDriver
remote stacktrace: Backtrace:
	Ordinal0 [0x00469563+2725219]
	Ordinal0 [0x00368551+1672529]
	Ordinal0 [0x00250202+524802]
	Ordinal0 [0x002499B2+498098]
	Ordinal0 [0x0024A09B+499867]
	Ordinal0 [0x0024AFF5+503797]
	Ordinal0 [0x00246994+485780]
	Ordinal0 [0x00250FF0+528368]
	Ordinal0 [0x001FD6C9+186057]
	Ordinal0 [0x001FCA3D+182845]
	Ordinal0 [0x001FA94B+174411]
	Ordinal0 [0x001E2528+75048]
	Ordinal0 [0x001E35A0+79264]
	Ordinal0 [0x001E3539+79161]
	Ordinal0 [0x0037D607+1758727]
	GetHandleVerifier [0x00586546+1050150]
	GetHandleVerifier [0x00586291+1049457]
	GetHandleVerifier [0x005910D7+1094071]
	GetHandleVerifier [0x00586B46+1051686]
	Ordinal0 [0x00375B06+1727238]
	Ordinal0 [0x0037EB7B+1764219]
	Ordinal0 [0x0037ECE3+1764579]
	Ordinal0 [0x00394C05+1854469]
	BaseThreadInitThunk [0x769B6359+25]
	RtlGetAppContainerNamedObjectPath [0x77BE7C24+228]
	RtlGetAppContainerNamedObjectPath [0x77BE7BF4+180]

</failure>
    <system-err><![CDATA[Starting ChromeDriver 83.0.4103.39 (ccbf011cb2d2b19b506d844400483861342c20cd-refs/branch-heads/4103@{#416}) on port 26433
Only local connections are allowed.
Please see https://chromedriver.chromium.org/security-considerations for suggestions on keeping ChromeDriver safe.
ChromeDriver was started successfully.
[1597053363.817][WARNING]: This version of ChromeDriver has not been tested with Chrome version 84.
[1597053367.823][WARNING]: Timed out connecting to Chrome, retrying...
]]></system-err>
  </testcase>
  <testcase name="setup" classname="com.Mercury.testcases.MercuryFlightTest" time="0">
    <skipped/>
  </testcase>
  <testcase name="setup" classname="com.Mercury.testcases.MercuryFlightTest" time="0">
    <skipped/>
  </testcase>
  <testcase name="tearDownMethod" classname="com.Mercury.testcases.MercuryFlightTest" time="0">
    <skipped/>
  </testcase>
  <testcase name="tearDownMethod" classname="com.Mercury.testcases.MercuryFlightTest" time="0">
    <skipped/>
  </testcase>
  <testcase name="tearDownMethod" classname="com.Mercury.testcases.MercuryFlightTest" time="0">
    <skipped/>
  </testcase>
</testsuite>