<?xml version="1.0" encoding="UTF-8"?>
<!-- Generated by org.testng.reporters.JUnitXMLReporter -->
<testsuite hostname="DESKTOP-ML1SH03" ignored="0" name="Test" tests="2" failures="0" timestamp="2021-09-11T18:18:34 IST" time="0.102" errors="0">
  <testcase name="@BeforeMethod setup" time="-1.631364514797E9" classname="com.Mercury.testcases.AzurePipelineDemo">
    <failure type="org.testng.TestNGException" message="
Parameter &amp;apos;browser&amp;apos; is required by BeforeMethod on method setup but has not been marked @Optional or defined
in C:\Users\amitg\Downloads\MercuryTours\MercuryTours\testng.xml">
      <![CDATA[org.testng.TestNGException: 
Parameter 'browser' is required by BeforeMethod on method setup but has not been marked @Optional or defined
in C:\Users\amitg\Downloads\MercuryTours\MercuryTours\testng.xml
at java.util.ArrayList.forEach(ArrayList.java:1257)
... Removed 28 stack frames]]>
    </failure>
  </testcase> <!-- @BeforeMethod setup -->
  <testcase name="@BeforeMethod setup" time="-1.631364514833E9" classname="com.Mercury.testcases.AzurePipelineDemo">
    <skipped/>
  </testcase> <!-- @BeforeMethod setup -->
  <testcase name="freshworkslogtest" time="0.0" classname="com.Mercury.testcases.AzurePipelineDemo">
    <skipped/>
  </testcase> <!-- freshworkslogtest -->
  <testcase name="freshworkstitletest" time="0.0" classname="com.Mercury.testcases.AzurePipelineDemo">
    <skipped/>
  </testcase> <!-- freshworkstitletest -->
</testsuite> <!-- Test -->
